<?xml version="1.0" encoding="UTF-8"?>
<!-- Generated by org.testng.reporters.JUnitReportReporter -->
<testsuite skipped="0" hostname="vasanth" name="com.qa.amazon.testclasses.HomepageTest" tests="14" failures="0" timestamp="21 Apr 2019 15:03:52 GMT" time="86.399" errors="0">
  <testcase name="selectBooksearchDropdown" time="1.445" classname="com.qa.amazon.testclasses.HomepageTest"/>
  <testcase name="enterSearchtext" time="0.247" classname="com.qa.amazon.testclasses.HomepageTest"/>
  <testcase name="clickGoIcon" time="3.577" classname="com.qa.amazon.testclasses.HomepageTest"/>
  <testcase name="verifyresultbasedonsearchkeyword" time="0.139" classname="com.qa.amazon.testclasses.HomepageTest"/>
  <testcase name="defaultSortByOption" time="0.647" classname="com.qa.amazon.testclasses.HomepageTest"/>
  <testcase name="clickOnFirstResult" time="4.576" classname="com.qa.amazon.testclasses.HomepageTest"/>
  <testcase name="BookName" time="1.547" classname="com.qa.amazon.testclasses.HomepageTest"/>
  <testcase name="Ratings" time="1.896" classname="com.qa.amazon.testclasses.HomepageTest"/>
  <testcase name="PaperbackEditionDetails" time="6.374" classname="com.qa.amazon.testclasses.HomepageTest"/>
  <testcase name="kindleDetails" time="5.498" classname="com.qa.amazon.testclasses.HomepageTest"/>
  <testcase name="hardCoreDetails" time="24.140" classname="com.qa.amazon.testclasses.HomepageTest"/>
  <testcase name="getAuthorName" time="20.514" classname="com.qa.amazon.testclasses.HomepageTest"/>
  <testcase name="ViewedProducts" time="15.321" classname="com.qa.amazon.testclasses.HomepageTest"/>
  <testcase name="BookCategory" time="0.478" classname="com.qa.amazon.testclasses.HomepageTest"/>
</testsuite> <!-- com.qa.amazon.testclasses.HomepageTest -->
